# JRE version: Java(TM) SE Runtime Environment (8.0_181-b13) (build 1.8.0_181-b13)
# Java VM: Java HotSpot(TM) 64-Bit Server VM (25.181-b13 mixed mode windows-amd64 compressed oops)
Heap:
 PSYoungGen      total 588288K, used 517218K [0x00000000d5f80000, 0x0000000100000000, 0x0000000100000000)
  eden space 587776K, 87% used [0x00000000d5f80000,0x00000000f5870800,0x00000000f9d80000)
  from space 512K, 31% used [0x00000000f9d80000,0x00000000f9da8000,0x00000000f9e00000)
  to   space 512K, 0% used [0x00000000fff80000,0x00000000fff80000,0x0000000100000000)
 ParOldGen       total 90624K, used 32871K [0x0000000081e00000, 0x0000000087680000, 0x00000000d5f80000)
  object space 90624K, 36% used [0x0000000081e00000,0x0000000083e19c70,0x0000000087680000)
 Metaspace       used 10376K, capacity 10574K, committed 10752K, reserved 1058816K
  class space    used 1181K, capacity 1257K, committed 1280K, reserved 1048576K
GC Heap History (10 events):
Event: 41.620 GC heap before
{Heap before GC invocations=175 (full 1):
 PSYoungGen      total 215552K, used 215136K [0x00000000d5f80000, 0x00000000f9e80000, 0x0000000100000000)
  eden space 215040K, 100% used [0x00000000d5f80000,0x00000000e3180000,0x00000000e3180000)
  from space 512K, 18% used [0x00000000f9d80000,0x00000000f9d98000,0x00000000f9e00000)
  to   space 512K, 0% used [0x00000000f9e00000,0x00000000f9e00000,0x00000000f9e80000)
 ParOldGen       total 90624K, used 32323K [0x0000000081e00000, 0x0000000087680000, 0x00000000d5f80000)
  object space 90624K, 35% used [0x0000000081e00000,0x0000000083d90f98,0x0000000087680000)
 Metaspace       used 10375K, capacity 10574K, committed 10752K, reserved 1058816K
  class space    used 1180K, capacity 1257K, committed 1280K, reserved 1048576K
Event: 41.622 GC heap after
Heap after GC invocations=175 (full 1):
 PSYoungGen      total 206336K, used 128K [0x00000000d5f80000, 0x00000000f9e80000, 0x0000000100000000)
  eden space 205824K, 0% used [0x00000000d5f80000,0x00000000d5f80000,0x00000000e2880000)
  from space 512K, 25% used [0x00000000f9e00000,0x00000000f9e20000,0x00000000f9e80000)
  to   space 512K, 0% used [0x00000000f9d80000,0x00000000f9d80000,0x00000000f9e00000)
 ParOldGen       total 90624K, used 32323K [0x0000000081e00000, 0x0000000087680000, 0x00000000d5f80000)
  object space 90624K, 35% used [0x0000000081e00000,0x0000000083d90f98,0x0000000087680000)
 Metaspace       used 10375K, capacity 10574K, committed 10752K, reserved 1058816K
  class space    used 1180K, capacity 1257K, committed 1280K, reserved 1048576K
}
Event: 41.746 GC heap before
{Heap before GC invocations=176 (full 1):
 PSYoungGen      total 206336K, used 205952K [0x00000000d5f80000, 0x00000000f9e80000, 0x0000000100000000)
  eden space 205824K, 100% used [0x00000000d5f80000,0x00000000e2880000,0x00000000e2880000)
  from space 512K, 25% used [0x00000000f9e00000,0x00000000f9e20000,0x00000000f9e80000)
  to   space 512K, 0% used [0x00000000f9d80000,0x00000000f9d80000,0x00000000f9e00000)
 ParOldGen       total 90624K, used 32326K [0x0000000081e00000, 0x0000000087680000, 0x00000000d5f80000)
  object space 90624K, 35% used [0x0000000081e00000,0x0000000083d91858,0x0000000087680000)
 Metaspace       used 10376K, capacity 10574K, committed 10752K, reserved 1058816K
  class space    used 1181K, capacity 1257K, committed 1280K, reserved 1048576K
Event: 41.747 GC heap after
Heap after GC invocations=176 (full 1):
 PSYoungGen      total 197632K, used 192K [0x00000000d5f80000, 0x00000000f9e80000, 0x0000000100000000)
  eden space 197120K, 0% used [0x00000000d5f80000,0x00000000d5f80000,0x00000000e2000000)
  from space 512K, 37% used [0x00000000f9d80000,0x00000000f9db0000,0x00000000f9e00000)
  to   space 512K, 0% used [0x00000000f9e00000,0x00000000f9e00000,0x00000000f9e80000)
 ParOldGen       total 90624K, used 32326K [0x0000000081e00000, 0x0000000087680000, 0x00000000d5f80000)
  object space 90624K, 35% used [0x0000000081e00000,0x0000000083d91858,0x0000000087680000)
 Metaspace       used 10376K, capacity 10574K, committed 10752K, reserved 1058816K
  class space    used 1181K, capacity 1257K, committed 1280K, reserved 1048576K
}
Event: 41.747 GC heap before
{Heap before GC invocations=177 (full 1):
 PSYoungGen      total 197632K, used 4132K [0x00000000d5f80000, 0x00000000f9e80000, 0x0000000100000000)
  eden space 197120K, 1% used [0x00000000d5f80000,0x00000000d6359300,0x00000000e2000000)
  from space 512K, 37% used [0x00000000f9d80000,0x00000000f9db0000,0x00000000f9e00000)
  to   space 512K, 0% used [0x00000000f9e00000,0x00000000f9e00000,0x00000000f9e80000)
 ParOldGen       total 90624K, used 32326K [0x0000000081e00000, 0x0000000087680000, 0x00000000d5f80000)
  object space 90624K, 35% used [0x0000000081e00000,0x0000000083d91858,0x0000000087680000)
 Metaspace       used 10376K, capacity 10574K, committed 10752K, reserved 1058816K
  class space    used 1181K, capacity 1257K, committed 1280K, reserved 1048576K
Event: 41.748 GC heap after
Heap after GC invocations=177 (full 1):
 PSYoungGen      total 237056K, used 96K [0x00000000d5f80000, 0x00000000f9e80000, 0x0000000100000000)
  eden space 236544K, 0% used [0x00000000d5f80000,0x00000000d5f80000,0x00000000e4680000)
  from space 512K, 18% used [0x00000000f9e00000,0x00000000f9e18000,0x00000000f9e80000)
  to   space 512K, 0% used [0x00000000f9d80000,0x00000000f9d80000,0x00000000f9e00000)
 ParOldGen       total 90624K, used 32366K [0x0000000081e00000, 0x0000000087680000, 0x00000000d5f80000)
  object space 90624K, 35% used [0x0000000081e00000,0x0000000083d9b858,0x0000000087680000)
 Metaspace       used 10376K, capacity 10574K, committed 10752K, reserved 1058816K
  class space    used 1181K, capacity 1257K, committed 1280K, reserved 1048576K
}
Event: 41.894 GC heap before
{Heap before GC invocations=178 (full 1):
 PSYoungGen      total 237056K, used 236640K [0x00000000d5f80000, 0x00000000f9e80000, 0x0000000100000000)
  eden space 236544K, 100% used [0x00000000d5f80000,0x00000000e4680000,0x00000000e4680000)
  from space 512K, 18% used [0x00000000f9e00000,0x00000000f9e18000,0x00000000f9e80000)
  to   space 512K, 0% used [0x00000000f9d80000,0x00000000f9d80000,0x00000000f9e00000)
 ParOldGen       total 90624K, used 32366K [0x0000000081e00000, 0x0000000087680000, 0x00000000d5f80000)
  object space 90624K, 35% used [0x0000000081e00000,0x0000000083d9b858,0x0000000087680000)
 Metaspace       used 10376K, capacity 10574K, committed 10752K, reserved 1058816K
  class space    used 1181K, capacity 1257K, committed 1280K, reserved 1048576K
Event: 41.895 GC heap after
Heap after GC invocations=178 (full 1):
 PSYoungGen      total 284160K, used 96K [0x00000000d5f80000, 0x00000000f9e80000, 0x0000000100000000)
  eden space 283648K, 0% used [0x00000000d5f80000,0x00000000d5f80000,0x00000000e7480000)
  from space 512K, 18% used [0x00000000f9d80000,0x00000000f9d98000,0x00000000f9e00000)
  to   space 512K, 0% used [0x00000000f9e00000,0x00000000f9e00000,0x00000000f9e80000)
 ParOldGen       total 90624K, used 32366K [0x0000000081e00000, 0x0000000087680000, 0x00000000d5f80000)
  object space 90624K, 35% used [0x0000000081e00000,0x0000000083d9b858,0x0000000087680000)
 Metaspace       used 10376K, capacity 10574K, committed 10752K, reserved 1058816K
  class space    used 1181K, capacity 1257K, committed 1280K, reserved 1048576K
}
Event: 42.067 GC heap before
{Heap before GC invocations=179 (full 1):
 PSYoungGen      total 284160K, used 283744K [0x00000000d5f80000, 0x00000000f9e80000, 0x0000000100000000)
  eden space 283648K, 100% used [0x00000000d5f80000,0x00000000e7480000,0x00000000e7480000)
  from space 512K, 18% used [0x00000000f9d80000,0x00000000f9d98000,0x00000000f9e00000)
  to   space 512K, 0% used [0x00000000f9e00000,0x00000000f9e00000,0x00000000f9e80000)
 ParOldGen       total 90624K, used 32390K [0x0000000081e00000, 0x0000000087680000, 0x00000000d5f80000)
  object space 90624K, 35% used [0x0000000081e00000,0x0000000083da19c0,0x0000000087680000)
 Metaspace       used 10376K, capacity 10574K, committed 10752K, reserved 1058816K
  class space    used 1181K, capacity 1257K, committed 1280K, reserved 1048576K
Event: 42.068 GC heap after
Heap after GC invocations=179 (full 1):
 PSYoungGen      total 340480K, used 160K [0x00000000d5f80000, 0x00000000f9e80000, 0x0000000100000000)
  eden space 339968K, 0% used [0x00000000d5f80000,0x00000000d5f80000,0x00000000eab80000)
  from space 512K, 31% used [0x00000000f9e00000,0x00000000f9e28000,0x00000000f9e80000)
  to   space 512K, 0% used [0x00000000f9d80000,0x00000000f9d80000,0x00000000f9e00000)
 ParOldGen       total 90624K, used 32414K [0x0000000081e00000, 0x0000000087680000, 0x00000000d5f80000)
  object space 90624K, 35% used [0x0000000081e00000,0x0000000083da79c0,0x0000000087680000)
 Metaspace       used 10376K, capacity 10574K, committed 10752K, reserved 1058816K
  class space    used 1181K, capacity 1257K, committed 1280K, reserved 1048576K
}

