# JRE version: Java(TM) SE Runtime Environment (8.0_181-b13) (build 1.8.0_181-b13)
# Java VM: Java HotSpot(TM) 64-Bit Server VM (25.181-b13 mixed mode windows-amd64 compressed oops)
Heap:
 PSYoungGen      total 38400K, used 32104K [0x00000000d5f80000, 0x00000000d8a00000, 0x0000000100000000)
  eden space 33280K, 96% used [0x00000000d5f80000,0x00000000d7eda2e0,0x00000000d8000000)
  from space 5120K, 0% used [0x00000000d8500000,0x00000000d8500000,0x00000000d8a00000)
  to   space 5120K, 0% used [0x00000000d8000000,0x00000000d8000000,0x00000000d8500000)
 ParOldGen       total 89600K, used 22963K [0x0000000081e00000, 0x0000000087580000, 0x00000000d5f80000)
  object space 89600K, 25% used [0x0000000081e00000,0x000000008346cd28,0x0000000087580000)
 Metaspace       used 10303K, capacity 10510K, committed 10752K, reserved 1058816K
  class space    used 1168K, capacity 1257K, committed 1280K, reserved 1048576K
GC Heap History (6 events):
Event: 2.010 GC heap before
{Heap before GC invocations=1 (full 0):
 PSYoungGen      total 38400K, used 33280K [0x00000000d5f80000, 0x00000000d8a00000, 0x0000000100000000)
  eden space 33280K, 100% used [0x00000000d5f80000,0x00000000d8000000,0x00000000d8000000)
  from space 5120K, 0% used [0x00000000d8500000,0x00000000d8500000,0x00000000d8a00000)
  to   space 5120K, 0% used [0x00000000d8000000,0x00000000d8000000,0x00000000d8500000)
 ParOldGen       total 87552K, used 0K [0x0000000081e00000, 0x0000000087380000, 0x00000000d5f80000)
  object space 87552K, 0% used [0x0000000081e00000,0x0000000081e00000,0x0000000087380000)
 Metaspace       used 8019K, capacity 8186K, committed 8448K, reserved 1056768K
  class space    used 927K, capacity 999K, committed 1024K, reserved 1048576K
Event: 2.019 GC heap after
Heap after GC invocations=1 (full 0):
 PSYoungGen      total 38400K, used 5113K [0x00000000d5f80000, 0x00000000d8a00000, 0x0000000100000000)
  eden space 33280K, 0% used [0x00000000d5f80000,0x00000000d5f80000,0x00000000d8000000)
  from space 5120K, 99% used [0x00000000d8000000,0x00000000d84fe528,0x00000000d8500000)
  to   space 5120K, 0% used [0x00000000d8500000,0x00000000d8500000,0x00000000d8a00000)
 ParOldGen       total 87552K, used 31990K [0x0000000081e00000, 0x0000000087380000, 0x00000000d5f80000)
  object space 87552K, 36% used [0x0000000081e00000,0x0000000083d3da80,0x0000000087380000)
 Metaspace       used 8019K, capacity 8186K, committed 8448K, reserved 1056768K
  class space    used 927K, capacity 999K, committed 1024K, reserved 1048576K
}
Event: 6.997 GC heap before
{Heap before GC invocations=2 (full 0):
 PSYoungGen      total 38400K, used 38393K [0x00000000d5f80000, 0x00000000d8a00000, 0x0000000100000000)
  eden space 33280K, 100% used [0x00000000d5f80000,0x00000000d8000000,0x00000000d8000000)
  from space 5120K, 99% used [0x00000000d8000000,0x00000000d84fe528,0x00000000d8500000)
  to   space 5120K, 0% used [0x00000000d8500000,0x00000000d8500000,0x00000000d8a00000)
 ParOldGen       total 87552K, used 31990K [0x0000000081e00000, 0x0000000087380000, 0x00000000d5f80000)
  object space 87552K, 36% used [0x0000000081e00000,0x0000000083d3da80,0x0000000087380000)
 Metaspace       used 10277K, capacity 10510K, committed 10752K, reserved 1058816K
  class space    used 1168K, capacity 1257K, committed 1280K, reserved 1048576K
Event: 7.008 GC heap after
Heap after GC invocations=2 (full 0):
 PSYoungGen      total 38400K, used 5113K [0x00000000d5f80000, 0x00000000d8a00000, 0x0000000100000000)
  eden space 33280K, 0% used [0x00000000d5f80000,0x00000000d5f80000,0x00000000d8000000)
  from space 5120K, 99% used [0x00000000d8500000,0x00000000d89fe528,0x00000000d8a00000)
  to   space 5120K, 0% used [0x00000000d8000000,0x00000000d8000000,0x00000000d8500000)
 ParOldGen       total 87552K, used 64677K [0x0000000081e00000, 0x0000000087380000, 0x00000000d5f80000)
  object space 87552K, 73% used [0x0000000081e00000,0x0000000085d297b0,0x0000000087380000)
 Metaspace       used 10277K, capacity 10510K, committed 10752K, reserved 1058816K
  class space    used 1168K, capacity 1257K, committed 1280K, reserved 1048576K
}
Event: 7.008 GC heap before
{Heap before GC invocations=3 (full 1):
 PSYoungGen      total 38400K, used 5113K [0x00000000d5f80000, 0x00000000d8a00000, 0x0000000100000000)
  eden space 33280K, 0% used [0x00000000d5f80000,0x00000000d5f80000,0x00000000d8000000)
  from space 5120K, 99% used [0x00000000d8500000,0x00000000d89fe528,0x00000000d8a00000)
  to   space 5120K, 0% used [0x00000000d8000000,0x00000000d8000000,0x00000000d8500000)
 ParOldGen       total 87552K, used 64677K [0x0000000081e00000, 0x0000000087380000, 0x00000000d5f80000)
  object space 87552K, 73% used [0x0000000081e00000,0x0000000085d297b0,0x0000000087380000)
 Metaspace       used 10277K, capacity 10510K, committed 10752K, reserved 1058816K
  class space    used 1168K, capacity 1257K, committed 1280K, reserved 1048576K
Event: 7.030 GC heap after
Heap after GC invocations=3 (full 1):
 PSYoungGen      total 38400K, used 0K [0x00000000d5f80000, 0x00000000d8a00000, 0x0000000100000000)
  eden space 33280K, 0% used [0x00000000d5f80000,0x00000000d5f80000,0x00000000d8000000)
  from space 5120K, 0% used [0x00000000d8500000,0x00000000d8500000,0x00000000d8a00000)
  to   space 5120K, 0% used [0x00000000d8000000,0x00000000d8000000,0x00000000d8500000)
 ParOldGen       total 89600K, used 22963K [0x0000000081e00000, 0x0000000087580000, 0x00000000d5f80000)
  object space 89600K, 25% used [0x0000000081e00000,0x000000008346cd28,0x0000000087580000)
 Metaspace       used 10277K, capacity 10510K, committed 10752K, reserved 1058816K
  class space    used 1168K, capacity 1257K, committed 1280K, reserved 1048576K
}

